<?xml version="1.0" encoding="UTF-8"?>
<testsuite xmlns:xsi="http://www.w3.org/2001/XMLSchema-instance" xsi:noNamespaceSchemaLocation="https://maven.apache.org/surefire/maven-surefire-plugin/xsd/surefire-test-report-3.0.xsd" version="3.0" name="test.java.TestsGrille" time="18.569" tests="17" errors="0" skipped="0" failures="0">
  <properties>
[...]
</properties>
  <testcase name="TestSetValue" classname="test.java.TestsGrille" time="0.002"/>
  <testcase name="TestGetValue2" classname="test.java.TestsGrille" time="0"/>
  <testcase name="TestGetValue3" classname="test.java.TestsGrille" time="0"/>
  <testcase name="TestGetValue4" classname="test.java.TestsGrille" time="0"/>
  <testcase name="TestGetValue" classname="test.java.TestsGrille" time="0"/>
  <testcase name="TestgetDimension" classname="test.java.TestsGrille" time="0"/>
  <testcase name="TestPossible2" classname="test.java.TestsGrille" time="0.001"/>
  <testcase name="TestPossible3" classname="test.java.TestsGrille" time="0"/>
  <testcase name="TestPossible4" classname="test.java.TestsGrille" time="0"/>
  <testcase name="resoudGrille1" classname="test.java.TestsGrille" time="18.432"/>
  <testcase name="TestComplete1" classname="test.java.TestsGrille" time="0"/>
  <testcase name="TestComplete" classname="test.java.TestsGrille" time="0"/>
  <testcase name="TestPossible" classname="test.java.TestsGrille" time="0"/>
  <testcase name="TestSetValue2" classname="test.java.TestsGrille" time="0"/>
  <testcase name="TestSetValue3" classname="test.java.TestsGrille" time="0"/>
  <testcase name="TestSetValue4" classname="test.java.TestsGrille" time="0"/>
  <testcase name="TestSetValue5" classname="test.java.TestsGrille" time="0"/>
</testsuite>